		case 1:printf('¹­ººÓğ'),break;
		case 2:printf('Íõ½­º­'),break;
		case 3:printf('ÍõÉùå·'),break;
		case 4:printf('Íõ¿¡´ï'),break;
		case 5:printf('ÍõºÆÁÖ'),break;
		case 6:printf('Íõè÷°²'),break;
		case 7:printf('Íõè÷Òà'),break;
		case 8:printf('ÍõÅôÈ»'),break;
		case 9:printf('Íõî£'),break;
		case 10:printf('ÁõÌïØü'),break;
		case 11:printf('Áõ´«çù'),break;
		case 12:printf('ËïÁÖĞù'),break;
		case 13:printf('ÂÀÔ½'),break;
		case 14:printf('Ëï¸£Ôó'),break;
		case 15:printf('ÕÅÁ¦Ñó'),break;
		case 16:printf('ËÎÒàÀ´'),break;
		case 17:printf('Ğ¤×¿'),break;
		case 18:printf('³Âãü¼Î'),break;
		case 19:printf('Îâ¼ÑÈå'),break;
		case 20:printf('ÕÅ¼ÒÃ÷'),break;
		case 21:printf('ÕÅöªÎ°'),break;
		case 22:printf('ÕÅºÕÓí'),break;
		case 23:printf('Ö£ÔÆæñ'),break;
		case 24:printf('ÁÖÈğº­'),break;
		case 25:printf('ÕÔÍòÃù'),break;
		case 26:printf('ÕÔÃ÷Ôó'),break;
		case 27:printf('½ªÕÜ'),break;
		case 28:printf('ºÂÈğÉı'),break;
		case 29:printf('ÇØ¶°'),break;
		case 30:printf('èïÊ¤³¼'),break;
		case 31:printf('ÍõË«Ë«'),break;
		case 32:printf('ÍõÆëÉº'),break;
		case 33:printf('ÂÀ¼ÑĞÀ'),break;
		case 34:printf('Áõ¼ÑÈğ'),break;
		case 35:printf('ÁõË¼ÒÇ'),break;
		case 36:printf('ËïÁøâù'),break;
		case 37:printf('ËïĞÇÒÆ'),break;
		case 38:printf('³ÂÒ»Åµ'),break;
		case 39:printf('Àî¼ÑÄş'),break;
		case 40:printf('ÀîÓêæ­'),break;
		case 41:printf('ÕÅè÷Í¬'),break;
		case 42:printf('ÕÅÇşÇå'),break;
		case 43:printf('ºéî£Ü°'),break;
		case 44:printf('ÌÆÃúè´'),break;
		case 45:printf('Ğì¾´ÎÄ'),break;
		case 46:printf('èï»Ûåû'),break;
		case 47:printf('¶­ÓêÃÈ'),break;
		case 48:printf('¶­î£'),break;
		case 49:printf('ôÃÒÕĞÀ'),break;
